  Main.cpp
c:\users\hp\desktop\blg252e project\templateproject\logicsimulator\main.cpp(106): warning C4244: 'argument': conversion from 'float' to 'int', possible loss of data
  objectlist.cpp
c:\users\hp\desktop\blg252e project\templateproject\logicsimulator\objectlist.cpp(328): warning C4244: 'initializing': conversion from 'float' to 'int', possible loss of data
c:\users\hp\desktop\blg252e project\templateproject\logicsimulator\objectlist.cpp(563): warning C4244: 'argument': conversion from 'int' to 'T', possible loss of data
          with
          [
              T=float
          ]
c:\users\hp\desktop\blg252e project\templateproject\logicsimulator\objectlist.cpp(564): warning C4244: 'argument': conversion from 'int' to 'T', possible loss of data
          with
          [
              T=float
          ]
c:\users\hp\desktop\blg252e project\templateproject\logicsimulator\objectlist.cpp(567): warning C4244: 'argument': conversion from 'int' to 'T', possible loss of data
          with
          [
              T=float
          ]
c:\users\hp\desktop\blg252e project\templateproject\logicsimulator\objectlist.cpp(597): warning C4244: 'argument': conversion from 'int' to 'float', possible loss of data
c:\users\hp\desktop\blg252e project\templateproject\logicsimulator\objectlist.cpp(619): warning C4244: 'argument': conversion from 'int' to 'T', possible loss of data
          with
          [
              T=float
          ]
c:\users\hp\desktop\blg252e project\templateproject\logicsimulator\objectlist.cpp(620): warning C4244: 'argument': conversion from 'int' to 'T', possible loss of data
          with
          [
              T=float
          ]
  objects.cpp
  Generating Code...
  LINK : C:\Users\hp\Desktop\BLG252E project\TemplateProject\Debug\LogicSimulator.exe not found or not built by the last incremental link; performing full link
  LogicSimulator.vcxproj -> C:\Users\hp\Desktop\BLG252E project\TemplateProject\Debug\LogicSimulator.exe
